build/app/intermediates/manifest_merge_blame_file/release/manifest-merger-blame-release-report.txt
1<?xml version="1.0" encoding="utf-8"?>
2<manifest xmlns:android="http://schemas.android.com/apk/res/android"
3    package="com.eos.aloarkela.aloarkela2"
4    android:versionCode="12"
5    android:versionName="1.6.1" >
6
7    <uses-sdk
8        android:minSdkVersion="20"
8-->src\main\AndroidManifest.xml
9        android:targetSdkVersion="31" />
9-->src\main\AndroidManifest.xml
10
11    <uses-permission android:name="android.permission.INTERNET" />
11-->src\main\AndroidManifest.xml:3:5-67
11-->src\main\AndroidManifest.xml:3:22-64
12    <uses-permission android:name="android.permission.ACCESS_COARSE_LOCATION" />
12-->src\main\AndroidManifest.xml:4:5-81
12-->src\main\AndroidManifest.xml:4:22-78
13    <uses-permission android:name="android.permission.ACCESS_FINE_LOCATION" />
13-->src\main\AndroidManifest.xml:5:5-79
13-->src\main\AndroidManifest.xml:5:22-76
14    <uses-permission android:name="android.permission.WRITE_EXTERNAL_STORAGE" />
14-->src\main\AndroidManifest.xml:6:5-81
14-->src\main\AndroidManifest.xml:6:22-78
15    <uses-permission android:name="android.permission.READ_EXTERNAL_STORAGE" />
15-->src\main\AndroidManifest.xml:7:1-76
15-->src\main\AndroidManifest.xml:7:18-73
16    <uses-permission android:name="android.permission.FOREGROUND_SERVICE" />
16-->[:geolocator_android] AndroidManifest.xml:7:5-77
16-->[:geolocator_android] AndroidManifest.xml:7:22-74
17    <uses-permission android:name="android.permission.CALL_PHONE" />
17-->[:flutter_phone_direct_caller] AndroidManifest.xml:9:5-69
17-->[:flutter_phone_direct_caller] AndroidManifest.xml:9:22-66
18
19    <uses-feature
19-->[:flutter_phone_direct_caller] AndroidManifest.xml:11:5-13:36
20        android:name="android.hardware.telephony"
20-->[:flutter_phone_direct_caller] AndroidManifest.xml:12:9-50
21        android:required="false" /> <!-- Create a unique permission for your app and use it so only your app can receive your OneSignal messages. -->
21-->[:flutter_phone_direct_caller] AndroidManifest.xml:13:9-33
22    <permission
22-->[com.onesignal:OneSignal:4.6.6] AndroidManifest.xml:7:5-9:47
23        android:name="com.eos.aloarkela.aloarkela2.permission.C2D_MESSAGE"
23-->[com.onesignal:OneSignal:4.6.6] AndroidManifest.xml:8:9-63
24        android:protectionLevel="signature" />
24-->[com.onesignal:OneSignal:4.6.6] AndroidManifest.xml:9:9-44
25
26    <uses-permission android:name="com.eos.aloarkela.aloarkela2.permission.C2D_MESSAGE" /> <!-- c2dm RECEIVE are basic requirements for push messages through Google's FCM -->
26-->[com.onesignal:OneSignal:4.6.6] AndroidManifest.xml:11:5-79
26-->[com.onesignal:OneSignal:4.6.6] AndroidManifest.xml:11:22-76
27    <uses-permission android:name="com.google.android.c2dm.permission.RECEIVE" /> <!-- Required, makes sure notifications are delivered on time. -->
27-->[com.onesignal:OneSignal:4.6.6] AndroidManifest.xml:17:5-82
27-->[com.onesignal:OneSignal:4.6.6] AndroidManifest.xml:17:22-79
28    <uses-permission android:name="android.permission.WAKE_LOCK" />
28-->[com.onesignal:OneSignal:4.6.6] AndroidManifest.xml:18:5-68
28-->[com.onesignal:OneSignal:4.6.6] AndroidManifest.xml:18:22-65
29    <!--
30 Required so the device vibrates on receiving a push notification.
31         Vibration settings of the device still apply.
32    -->
33    <uses-permission android:name="android.permission.VIBRATE" />
33-->[com.onesignal:OneSignal:4.6.6] AndroidManifest.xml:23:5-66
33-->[com.onesignal:OneSignal:4.6.6] AndroidManifest.xml:23:22-63
34    <uses-permission android:name="android.permission.ACCESS_NETWORK_STATE" />
34-->[com.onesignal:OneSignal:4.6.6] AndroidManifest.xml:24:5-79
34-->[com.onesignal:OneSignal:4.6.6] AndroidManifest.xml:24:22-76
35    <!--
36 Use to restore notifications the user hasn't interacted with.
37         They could be missed notifications if the user reboots their device if this isn't in place.
38    -->
39    <uses-permission android:name="android.permission.RECEIVE_BOOT_COMPLETED" /> <!-- START: ShortcutBadger -->
39-->[com.onesignal:OneSignal:4.6.6] AndroidManifest.xml:29:5-81
39-->[com.onesignal:OneSignal:4.6.6] AndroidManifest.xml:29:22-78
40    <!-- Samsung -->
41    <uses-permission android:name="com.sec.android.provider.badge.permission.READ" />
41-->[com.onesignal:OneSignal:4.6.6] AndroidManifest.xml:31:5-86
41-->[com.onesignal:OneSignal:4.6.6] AndroidManifest.xml:31:22-83
42    <uses-permission android:name="com.sec.android.provider.badge.permission.WRITE" /> <!-- HTC -->
42-->[com.onesignal:OneSignal:4.6.6] AndroidManifest.xml:32:5-87
42-->[com.onesignal:OneSignal:4.6.6] AndroidManifest.xml:32:22-84
43    <uses-permission android:name="com.htc.launcher.permission.READ_SETTINGS" />
43-->[com.onesignal:OneSignal:4.6.6] AndroidManifest.xml:33:5-81
43-->[com.onesignal:OneSignal:4.6.6] AndroidManifest.xml:33:22-78
44    <uses-permission android:name="com.htc.launcher.permission.UPDATE_SHORTCUT" /> <!-- Sony -->
44-->[com.onesignal:OneSignal:4.6.6] AndroidManifest.xml:34:5-83
44-->[com.onesignal:OneSignal:4.6.6] AndroidManifest.xml:34:22-80
45    <uses-permission android:name="com.sonyericsson.home.permission.BROADCAST_BADGE" />
45-->[com.onesignal:OneSignal:4.6.6] AndroidManifest.xml:35:5-88
45-->[com.onesignal:OneSignal:4.6.6] AndroidManifest.xml:35:22-85
46    <uses-permission android:name="com.sonymobile.home.permission.PROVIDER_INSERT_BADGE" /> <!-- Apex -->
46-->[com.onesignal:OneSignal:4.6.6] AndroidManifest.xml:36:5-92
46-->[com.onesignal:OneSignal:4.6.6] AndroidManifest.xml:36:22-89
47    <uses-permission android:name="com.anddoes.launcher.permission.UPDATE_COUNT" /> <!-- Solid -->
47-->[com.onesignal:OneSignal:4.6.6] AndroidManifest.xml:37:5-84
47-->[com.onesignal:OneSignal:4.6.6] AndroidManifest.xml:37:22-81
48    <uses-permission android:name="com.majeur.launcher.permission.UPDATE_BADGE" /> <!-- Huawei -->
48-->[com.onesignal:OneSignal:4.6.6] AndroidManifest.xml:38:5-83
48-->[com.onesignal:OneSignal:4.6.6] AndroidManifest.xml:38:22-80
49    <uses-permission android:name="com.huawei.android.launcher.permission.CHANGE_BADGE" />
49-->[com.onesignal:OneSignal:4.6.6] AndroidManifest.xml:39:5-91
49-->[com.onesignal:OneSignal:4.6.6] AndroidManifest.xml:39:22-88
50    <uses-permission android:name="com.huawei.android.launcher.permission.READ_SETTINGS" />
50-->[com.onesignal:OneSignal:4.6.6] AndroidManifest.xml:40:5-92
50-->[com.onesignal:OneSignal:4.6.6] AndroidManifest.xml:40:22-89
51    <uses-permission android:name="com.huawei.android.launcher.permission.WRITE_SETTINGS" /> <!-- ZUK -->
51-->[com.onesignal:OneSignal:4.6.6] AndroidManifest.xml:41:5-93
51-->[com.onesignal:OneSignal:4.6.6] AndroidManifest.xml:41:22-90
52    <uses-permission android:name="android.permission.READ_APP_BADGE" /> <!-- OPPO -->
52-->[com.onesignal:OneSignal:4.6.6] AndroidManifest.xml:42:5-73
52-->[com.onesignal:OneSignal:4.6.6] AndroidManifest.xml:42:22-70
53    <uses-permission android:name="com.oppo.launcher.permission.READ_SETTINGS" />
53-->[com.onesignal:OneSignal:4.6.6] AndroidManifest.xml:43:5-82
53-->[com.onesignal:OneSignal:4.6.6] AndroidManifest.xml:43:22-79
54    <uses-permission android:name="com.oppo.launcher.permission.WRITE_SETTINGS" /> <!-- EvMe -->
54-->[com.onesignal:OneSignal:4.6.6] AndroidManifest.xml:44:5-83
54-->[com.onesignal:OneSignal:4.6.6] AndroidManifest.xml:44:22-80
55    <uses-permission android:name="me.everything.badger.permission.BADGE_COUNT_READ" />
55-->[com.onesignal:OneSignal:4.6.6] AndroidManifest.xml:45:5-88
55-->[com.onesignal:OneSignal:4.6.6] AndroidManifest.xml:45:22-85
56    <uses-permission android:name="me.everything.badger.permission.BADGE_COUNT_WRITE" />
56-->[com.onesignal:OneSignal:4.6.6] AndroidManifest.xml:46:5-89
56-->[com.onesignal:OneSignal:4.6.6] AndroidManifest.xml:46:22-86
57
58    <uses-feature
58-->[com.google.android.gms:play-services-maps:17.0.0] AndroidManifest.xml:26:5-28:35
59        android:glEsVersion="0x00020000"
59-->[com.google.android.gms:play-services-maps:17.0.0] AndroidManifest.xml:27:9-41
60        android:required="true" />
60-->[com.google.android.gms:play-services-maps:17.0.0] AndroidManifest.xml:28:9-32
61
62    <application
63        android:name="android.app.Application"
63-->src\main\AndroidManifest.xml:10:9-42
64        android:appComponentFactory="androidx.core.app.CoreComponentFactory"
64-->[androidx.core:core:1.6.0] AndroidManifest.xml:24:18-86
65        android:icon="@mipmap/ic_launcher"
65-->src\main\AndroidManifest.xml:11:9-43
66        android:label="الو اركيلة" >
66-->src\main\AndroidManifest.xml:9:9-35
67        <meta-data
67-->src\main\AndroidManifest.xml:12:11-13:71
68            android:name="com.google.android.geo.API_KEY"
68-->src\main\AndroidManifest.xml:12:22-67
69            android:value="AIzaSyDCstSZTYM9kxOVN2hl0hj4FRRsspM99z0" />
69-->src\main\AndroidManifest.xml:13:14-69
70
71        <activity
71-->src\main\AndroidManifest.xml:14:9-34:20
72            android:name="com.eos.aloarkela.aloarkela2.MainActivity"
72-->src\main\AndroidManifest.xml:15:13-41
73            android:configChanges="orientation|keyboardHidden|keyboard|screenSize|smallestScreenSize|locale|layoutDirection|fontScale|screenLayout|density|uiMode"
73-->src\main\AndroidManifest.xml:19:13-163
74            android:exported="true"
74-->src\main\AndroidManifest.xml:16:13-36
75            android:hardwareAccelerated="true"
75-->src\main\AndroidManifest.xml:20:13-47
76            android:launchMode="singleTop"
76-->src\main\AndroidManifest.xml:17:13-43
77            android:theme="@style/LaunchTheme"
77-->src\main\AndroidManifest.xml:18:13-47
78            android:windowSoftInputMode="adjustResize" >
78-->src\main\AndroidManifest.xml:21:13-55
79
80            <!--
81                 Specifies an Android theme to apply to this Activity as soon as
82                 the Android process has started. This theme is visible to the user
83                 while the Flutter UI initializes. After that, this theme continues
84                 to determine the Window background behind the Flutter UI.
85            -->
86            <meta-data
86-->src\main\AndroidManifest.xml:26:13-29:17
87                android:name="io.flutter.embedding.android.NormalTheme"
87-->src\main\AndroidManifest.xml:27:15-70
88                android:resource="@style/NormalTheme" />
88-->src\main\AndroidManifest.xml:28:15-52
89
90            <intent-filter>
90-->src\main\AndroidManifest.xml:30:13-33:29
91                <action android:name="android.intent.action.MAIN" />
91-->src\main\AndroidManifest.xml:31:17-68
91-->src\main\AndroidManifest.xml:31:25-66
92
93                <category android:name="android.intent.category.LAUNCHER" />
93-->src\main\AndroidManifest.xml:32:17-76
93-->src\main\AndroidManifest.xml:32:27-74
94            </intent-filter>
95        </activity>
96        <!--
97             Don't delete the meta-data below.
98             This is used by the Flutter tool to generate GeneratedPluginRegistrant.java
99        -->
100        <meta-data
100-->src\main\AndroidManifest.xml:37:9-39:33
101            android:name="flutterEmbedding"
101-->src\main\AndroidManifest.xml:38:13-44
102            android:value="2" />
102-->src\main\AndroidManifest.xml:39:13-30
103
104        <service
104-->[:cloud_firestore] AndroidManifest.xml:8:9-12:19
105            android:name="com.google.firebase.components.ComponentDiscoveryService"
105-->[:cloud_firestore] AndroidManifest.xml:8:18-89
106            android:directBootAware="true"
106-->[com.google.firebase:firebase-common:20.0.0] AndroidManifest.xml:35:13-43
107            android:exported="false" >
107-->[com.google.firebase:firebase-messaging:23.0.0] AndroidManifest.xml:51:13-37
108            <meta-data
108-->[:cloud_firestore] AndroidManifest.xml:9:13-11:85
109                android:name="com.google.firebase.components:io.flutter.plugins.firebase.firestore.FlutterFirebaseFirestoreRegistrar"
109-->[:cloud_firestore] AndroidManifest.xml:10:17-134
110                android:value="com.google.firebase.components.ComponentRegistrar" />
110-->[:cloud_firestore] AndroidManifest.xml:11:17-82
111            <meta-data
111-->[:firebase_auth] AndroidManifest.xml:9:13-11:85
112                android:name="com.google.firebase.components:io.flutter.plugins.firebase.auth.FlutterFirebaseAuthRegistrar"
112-->[:firebase_auth] AndroidManifest.xml:10:17-124
113                android:value="com.google.firebase.components.ComponentRegistrar" />
113-->[:firebase_auth] AndroidManifest.xml:11:17-82
114            <meta-data
114-->[:firebase_storage] AndroidManifest.xml:9:13-11:85
115                android:name="com.google.firebase.components:io.flutter.plugins.firebase.storage.FlutterFirebaseAppRegistrar"
115-->[:firebase_storage] AndroidManifest.xml:10:17-126
116                android:value="com.google.firebase.components.ComponentRegistrar" />
116-->[:firebase_storage] AndroidManifest.xml:11:17-82
117            <meta-data
117-->[:firebase_core] AndroidManifest.xml:9:13-11:85
118                android:name="com.google.firebase.components:io.flutter.plugins.firebase.core.FlutterFirebaseCoreRegistrar"
118-->[:firebase_core] AndroidManifest.xml:10:17-124
119                android:value="com.google.firebase.components.ComponentRegistrar" />
119-->[:firebase_core] AndroidManifest.xml:11:17-82
120            <meta-data
120-->[com.google.firebase:firebase-messaging:23.0.0] AndroidManifest.xml:52:13-54:85
121                android:name="com.google.firebase.components:com.google.firebase.messaging.FirebaseMessagingRegistrar"
121-->[com.google.firebase:firebase-messaging:23.0.0] AndroidManifest.xml:53:17-119
122                android:value="com.google.firebase.components.ComponentRegistrar" />
122-->[com.google.firebase:firebase-messaging:23.0.0] AndroidManifest.xml:54:17-82
123            <meta-data
123-->[com.google.firebase:firebase-datatransport:18.0.0] AndroidManifest.xml:28:13-30:85
124                android:name="com.google.firebase.components:com.google.firebase.datatransport.TransportRegistrar"
124-->[com.google.firebase:firebase-datatransport:18.0.0] AndroidManifest.xml:29:17-115
125                android:value="com.google.firebase.components.ComponentRegistrar" />
125-->[com.google.firebase:firebase-datatransport:18.0.0] AndroidManifest.xml:30:17-82
126            <meta-data
126-->[com.google.firebase:firebase-auth:21.0.1] AndroidManifest.xml:77:13-79:85
127                android:name="com.google.firebase.components:com.google.firebase.auth.FirebaseAuthRegistrar"
127-->[com.google.firebase:firebase-auth:21.0.1] AndroidManifest.xml:78:17-109
128                android:value="com.google.firebase.components.ComponentRegistrar" />
128-->[com.google.firebase:firebase-auth:21.0.1] AndroidManifest.xml:79:17-82
129            <meta-data
129-->[com.google.firebase:firebase-firestore:24.0.1] AndroidManifest.xml:20:13-22:85
130                android:name="com.google.firebase.components:com.google.firebase.firestore.FirestoreRegistrar"
130-->[com.google.firebase:firebase-firestore:24.0.1] AndroidManifest.xml:21:17-111
131                android:value="com.google.firebase.components.ComponentRegistrar" />
131-->[com.google.firebase:firebase-firestore:24.0.1] AndroidManifest.xml:22:17-82
132            <meta-data
132-->[com.google.firebase:firebase-storage:20.0.0] AndroidManifest.xml:33:13-35:85
133                android:name="com.google.firebase.components:com.google.firebase.storage.StorageRegistrar"
133-->[com.google.firebase:firebase-storage:20.0.0] AndroidManifest.xml:34:17-107
134                android:value="com.google.firebase.components.ComponentRegistrar" />
134-->[com.google.firebase:firebase-storage:20.0.0] AndroidManifest.xml:35:17-82
135            <meta-data
135-->[com.google.firebase:firebase-installations:17.0.0] AndroidManifest.xml:18:13-20:85
136                android:name="com.google.firebase.components:com.google.firebase.installations.FirebaseInstallationsRegistrar"
136-->[com.google.firebase:firebase-installations:17.0.0] AndroidManifest.xml:19:17-127
137                android:value="com.google.firebase.components.ComponentRegistrar" />
137-->[com.google.firebase:firebase-installations:17.0.0] AndroidManifest.xml:20:17-82
138        </service>
139        <service
139-->[:geolocator_android] AndroidManifest.xml:10:9-14:56
140            android:name="com.baseflow.geolocator.GeolocatorLocationService"
140-->[:geolocator_android] AndroidManifest.xml:11:13-77
141            android:enabled="true"
141-->[:geolocator_android] AndroidManifest.xml:12:13-35
142            android:exported="false"
142-->[:geolocator_android] AndroidManifest.xml:13:13-37
143            android:foregroundServiceType="location" />
143-->[:geolocator_android] AndroidManifest.xml:14:13-53
144
145        <provider
145-->[:image_picker] AndroidManifest.xml:8:9-16:20
146            android:name="io.flutter.plugins.imagepicker.ImagePickerFileProvider"
146-->[:image_picker] AndroidManifest.xml:9:13-82
147            android:authorities="com.eos.aloarkela.aloarkela2.flutter.image_provider"
147-->[:image_picker] AndroidManifest.xml:10:13-74
148            android:exported="false"
148-->[:image_picker] AndroidManifest.xml:11:13-37
149            android:grantUriPermissions="true" >
149-->[:image_picker] AndroidManifest.xml:12:13-47
150            <meta-data
150-->[:image_picker] AndroidManifest.xml:13:13-15:75
151                android:name="android.support.FILE_PROVIDER_PATHS"
151-->[:image_picker] AndroidManifest.xml:14:17-67
152                android:resource="@xml/flutter_image_picker_file_paths" />
152-->[:image_picker] AndroidManifest.xml:15:17-72
153        </provider>
154
155        <activity
155-->[:url_launcher_android] AndroidManifest.xml:8:9-11:74
156            android:name="io.flutter.plugins.urllauncher.WebViewActivity"
156-->[:url_launcher_android] AndroidManifest.xml:9:13-74
157            android:exported="false"
157-->[:url_launcher_android] AndroidManifest.xml:10:13-37
158            android:theme="@android:style/Theme.NoTitleBar.Fullscreen" />
158-->[:url_launcher_android] AndroidManifest.xml:11:13-71
159
160        <receiver
160-->[com.onesignal:OneSignal:4.6.6] AndroidManifest.xml:49:9-60:20
161            android:name="com.onesignal.FCMBroadcastReceiver"
161-->[com.onesignal:OneSignal:4.6.6] AndroidManifest.xml:50:13-62
162            android:exported="true"
162-->[com.onesignal:OneSignal:4.6.6] AndroidManifest.xml:51:13-36
163            android:permission="com.google.android.c2dm.permission.SEND" >
163-->[com.onesignal:OneSignal:4.6.6] AndroidManifest.xml:52:13-73
164
165            <!-- High priority so OneSignal payloads can be filtered from other FCM receivers -->
166            <intent-filter android:priority="999" >
166-->[com.onesignal:OneSignal:4.6.6] AndroidManifest.xml:55:13-59:29
166-->[com.onesignal:OneSignal:4.6.6] AndroidManifest.xml:55:28-50
167                <action android:name="com.google.android.c2dm.intent.RECEIVE" />
167-->[com.onesignal:OneSignal:4.6.6] AndroidManifest.xml:56:17-81
167-->[com.onesignal:OneSignal:4.6.6] AndroidManifest.xml:56:25-78
168
169                <category android:name="com.eos.aloarkela.aloarkela2" />
169-->[com.onesignal:OneSignal:4.6.6] AndroidManifest.xml:58:17-61
169-->[com.onesignal:OneSignal:4.6.6] AndroidManifest.xml:58:27-58
170            </intent-filter>
171        </receiver>
172
173        <service
173-->[com.onesignal:OneSignal:4.6.6] AndroidManifest.xml:62:9-68:19
174            android:name="com.onesignal.HmsMessageServiceOneSignal"
174-->[com.onesignal:OneSignal:4.6.6] AndroidManifest.xml:63:13-68
175            android:exported="false" >
175-->[com.onesignal:OneSignal:4.6.6] AndroidManifest.xml:64:13-37
176            <intent-filter>
176-->[com.onesignal:OneSignal:4.6.6] AndroidManifest.xml:65:13-67:29
177                <action android:name="com.huawei.push.action.MESSAGING_EVENT" />
177-->[com.onesignal:OneSignal:4.6.6] AndroidManifest.xml:66:17-81
177-->[com.onesignal:OneSignal:4.6.6] AndroidManifest.xml:66:25-78
178            </intent-filter>
179        </service>
180
181        <activity
181-->[com.onesignal:OneSignal:4.6.6] AndroidManifest.xml:70:9-78:20
182            android:name="com.onesignal.NotificationOpenedActivityHMS"
182-->[com.onesignal:OneSignal:4.6.6] AndroidManifest.xml:71:13-71
183            android:exported="true"
183-->[com.onesignal:OneSignal:4.6.6] AndroidManifest.xml:72:13-36
184            android:noHistory="true"
184-->[com.onesignal:OneSignal:4.6.6] AndroidManifest.xml:73:13-37
185            android:theme="@android:style/Theme.Translucent.NoTitleBar" >
185-->[com.onesignal:OneSignal:4.6.6] AndroidManifest.xml:74:13-72
186            <intent-filter>
186-->[com.onesignal:OneSignal:4.6.6] AndroidManifest.xml:75:13-77:29
187                <action android:name="android.intent.action.VIEW" />
187-->[com.onesignal:OneSignal:4.6.6] AndroidManifest.xml:76:17-69
187-->[com.onesignal:OneSignal:4.6.6] AndroidManifest.xml:76:25-66
188            </intent-filter>
189        </activity>
190
191        <service
191-->[com.onesignal:OneSignal:4.6.6] AndroidManifest.xml:80:9-82:40
192            android:name="com.onesignal.FCMIntentService"
192-->[com.onesignal:OneSignal:4.6.6] AndroidManifest.xml:81:13-58
193            android:exported="false" />
193-->[com.onesignal:OneSignal:4.6.6] AndroidManifest.xml:82:13-37
194        <service
194-->[com.onesignal:OneSignal:4.6.6] AndroidManifest.xml:83:9-86:72
195            android:name="com.onesignal.FCMIntentJobService"
195-->[com.onesignal:OneSignal:4.6.6] AndroidManifest.xml:84:13-61
196            android:exported="false"
196-->[com.onesignal:OneSignal:4.6.6] AndroidManifest.xml:85:13-37
197            android:permission="android.permission.BIND_JOB_SERVICE" />
197-->[com.onesignal:OneSignal:4.6.6] AndroidManifest.xml:86:13-69
198        <service
198-->[com.onesignal:OneSignal:4.6.6] AndroidManifest.xml:87:9-90:43
199            android:name="com.onesignal.SyncService"
199-->[com.onesignal:OneSignal:4.6.6] AndroidManifest.xml:88:13-53
200            android:exported="false"
200-->[com.onesignal:OneSignal:4.6.6] AndroidManifest.xml:89:13-37
201            android:stopWithTask="true" />
201-->[com.onesignal:OneSignal:4.6.6] AndroidManifest.xml:90:13-40
202        <service
202-->[com.onesignal:OneSignal:4.6.6] AndroidManifest.xml:91:9-94:72
203            android:name="com.onesignal.SyncJobService"
203-->[com.onesignal:OneSignal:4.6.6] AndroidManifest.xml:92:13-56
204            android:exported="false"
204-->[com.onesignal:OneSignal:4.6.6] AndroidManifest.xml:93:13-37
205            android:permission="android.permission.BIND_JOB_SERVICE" />
205-->[com.onesignal:OneSignal:4.6.6] AndroidManifest.xml:94:13-69
206
207        <activity
207-->[com.onesignal:OneSignal:4.6.6] AndroidManifest.xml:96:9-99:75
208            android:name="com.onesignal.PermissionsActivity"
208-->[com.onesignal:OneSignal:4.6.6] AndroidManifest.xml:97:13-61
209            android:exported="false"
209-->[com.onesignal:OneSignal:4.6.6] AndroidManifest.xml:98:13-37
210            android:theme="@android:style/Theme.Translucent.NoTitleBar" />
210-->[com.onesignal:OneSignal:4.6.6] AndroidManifest.xml:99:13-72
211
212        <receiver
212-->[com.onesignal:OneSignal:4.6.6] AndroidManifest.xml:101:9-103:39
213            android:name="com.onesignal.NotificationDismissReceiver"
213-->[com.onesignal:OneSignal:4.6.6] AndroidManifest.xml:102:13-69
214            android:exported="true" />
214-->[com.onesignal:OneSignal:4.6.6] AndroidManifest.xml:103:13-36
215        <receiver
215-->[com.onesignal:OneSignal:4.6.6] AndroidManifest.xml:104:9-111:20
216            android:name="com.onesignal.BootUpReceiver"
216-->[com.onesignal:OneSignal:4.6.6] AndroidManifest.xml:105:13-56
217            android:exported="true" >
217-->[com.onesignal:OneSignal:4.6.6] AndroidManifest.xml:106:13-36
218            <intent-filter>
218-->[com.onesignal:OneSignal:4.6.6] AndroidManifest.xml:107:13-110:29
219                <action android:name="android.intent.action.BOOT_COMPLETED" />
219-->[com.onesignal:OneSignal:4.6.6] AndroidManifest.xml:108:17-79
219-->[com.onesignal:OneSignal:4.6.6] AndroidManifest.xml:108:25-76
220                <action android:name="android.intent.action.QUICKBOOT_POWERON" />
220-->[com.onesignal:OneSignal:4.6.6] AndroidManifest.xml:109:17-82
220-->[com.onesignal:OneSignal:4.6.6] AndroidManifest.xml:109:25-79
221            </intent-filter>
222        </receiver>
223        <receiver
223-->[com.onesignal:OneSignal:4.6.6] AndroidManifest.xml:112:9-118:20
224            android:name="com.onesignal.UpgradeReceiver"
224-->[com.onesignal:OneSignal:4.6.6] AndroidManifest.xml:113:13-57
225            android:exported="true" >
225-->[com.onesignal:OneSignal:4.6.6] AndroidManifest.xml:114:13-36
226            <intent-filter>
226-->[com.onesignal:OneSignal:4.6.6] AndroidManifest.xml:115:13-117:29
227                <action android:name="android.intent.action.MY_PACKAGE_REPLACED" />
227-->[com.onesignal:OneSignal:4.6.6] AndroidManifest.xml:116:17-84
227-->[com.onesignal:OneSignal:4.6.6] AndroidManifest.xml:116:25-81
228            </intent-filter>
229        </receiver>
230
231        <activity
231-->[com.onesignal:OneSignal:4.6.6] AndroidManifest.xml:120:9-126:75
232            android:name="com.onesignal.NotificationOpenedReceiver"
232-->[com.onesignal:OneSignal:4.6.6] AndroidManifest.xml:121:13-68
233            android:excludeFromRecents="true"
233-->[com.onesignal:OneSignal:4.6.6] AndroidManifest.xml:122:13-46
234            android:exported="true"
234-->[com.onesignal:OneSignal:4.6.6] AndroidManifest.xml:123:13-36
235            android:noHistory="true"
235-->[com.onesignal:OneSignal:4.6.6] AndroidManifest.xml:124:13-37
236            android:taskAffinity=""
236-->[com.onesignal:OneSignal:4.6.6] AndroidManifest.xml:125:13-36
237            android:theme="@android:style/Theme.Translucent.NoTitleBar" />
237-->[com.onesignal:OneSignal:4.6.6] AndroidManifest.xml:126:13-72
238        <activity
238-->[com.onesignal:OneSignal:4.6.6] AndroidManifest.xml:127:9-132:75
239            android:name="com.onesignal.NotificationOpenedReceiverAndroid22AndOlder"
239-->[com.onesignal:OneSignal:4.6.6] AndroidManifest.xml:128:13-85
240            android:excludeFromRecents="true"
240-->[com.onesignal:OneSignal:4.6.6] AndroidManifest.xml:129:13-46
241            android:exported="true"
241-->[com.onesignal:OneSignal:4.6.6] AndroidManifest.xml:130:13-36
242            android:noHistory="true"
242-->[com.onesignal:OneSignal:4.6.6] AndroidManifest.xml:131:13-37
243            android:theme="@android:style/Theme.Translucent.NoTitleBar" />
243-->[com.onesignal:OneSignal:4.6.6] AndroidManifest.xml:132:13-72
244
245        <uses-library
245-->[androidx.window:window:1.0.0-beta04] AndroidManifest.xml:25:9-27:40
246            android:name="androidx.window.extensions"
246-->[androidx.window:window:1.0.0-beta04] AndroidManifest.xml:26:13-54
247            android:required="false" />
247-->[androidx.window:window:1.0.0-beta04] AndroidManifest.xml:27:13-37
248        <uses-library
248-->[androidx.window:window:1.0.0-beta04] AndroidManifest.xml:28:9-30:40
249            android:name="androidx.window.sidecar"
249-->[androidx.window:window:1.0.0-beta04] AndroidManifest.xml:29:13-51
250            android:required="false" />
250-->[androidx.window:window:1.0.0-beta04] AndroidManifest.xml:30:13-37
251
252        <receiver
252-->[com.google.firebase:firebase-messaging:23.0.0] AndroidManifest.xml:28:9-35:20
253            android:name="com.google.firebase.iid.FirebaseInstanceIdReceiver"
253-->[com.google.firebase:firebase-messaging:23.0.0] AndroidManifest.xml:29:13-78
254            android:exported="true"
254-->[com.google.firebase:firebase-messaging:23.0.0] AndroidManifest.xml:30:13-36
255            android:permission="com.google.android.c2dm.permission.SEND" >
255-->[com.google.firebase:firebase-messaging:23.0.0] AndroidManifest.xml:31:13-73
256            <intent-filter>
256-->[com.google.firebase:firebase-messaging:23.0.0] AndroidManifest.xml:32:13-34:29
257                <action android:name="com.google.android.c2dm.intent.RECEIVE" />
257-->[com.onesignal:OneSignal:4.6.6] AndroidManifest.xml:56:17-81
257-->[com.onesignal:OneSignal:4.6.6] AndroidManifest.xml:56:25-78
258            </intent-filter>
259        </receiver>
260        <!--
261             FirebaseMessagingService performs security checks at runtime,
262             but set to not exported to explicitly avoid allowing another app to call it.
263        -->
264        <service
264-->[com.google.firebase:firebase-messaging:23.0.0] AndroidManifest.xml:41:9-48:19
265            android:name="com.google.firebase.messaging.FirebaseMessagingService"
265-->[com.google.firebase:firebase-messaging:23.0.0] AndroidManifest.xml:42:13-82
266            android:directBootAware="true"
266-->[com.google.firebase:firebase-messaging:23.0.0] AndroidManifest.xml:43:13-43
267            android:exported="false" >
267-->[com.google.firebase:firebase-messaging:23.0.0] AndroidManifest.xml:44:13-37
268            <intent-filter android:priority="-500" >
268-->[com.google.firebase:firebase-messaging:23.0.0] AndroidManifest.xml:45:13-47:29
268-->[com.google.firebase:firebase-messaging:23.0.0] AndroidManifest.xml:45:28-51
269                <action android:name="com.google.firebase.MESSAGING_EVENT" />
269-->[com.google.firebase:firebase-messaging:23.0.0] AndroidManifest.xml:46:17-78
269-->[com.google.firebase:firebase-messaging:23.0.0] AndroidManifest.xml:46:25-75
270            </intent-filter>
271        </service>
272        <service
272-->[com.google.android.datatransport:transport-backend-cct:3.0.0] AndroidManifest.xml:29:9-35:19
273            android:name="com.google.android.datatransport.runtime.backends.TransportBackendDiscovery"
273-->[com.google.android.datatransport:transport-backend-cct:3.0.0] AndroidManifest.xml:30:13-103